{"C:\\Users\\axiov\\OneDrive\\Escritorio\\Proyectos\\React-desde-0\\02-firsts-steps\\src\\FirstsStepsApp.tsx": {"path":"C:\\Users\\axiov\\OneDrive\\Escritorio\\Proyectos\\React-desde-0\\02-firsts-steps\\src\\FirstsStepsApp.tsx","statementMap":{"0":{"start":{"line":8,"column":34},"end":{"line":12,"column":null}},"1":{"start":{"line":14,"column":7},"end":{"line":14,"column":null}},"2":{"start":{"line":14,"column":7},"end":{"line":26,"column":null}},"3":{"start":{"line":16,"column":8},"end":{"line":26,"column":null}},"4":{"start":{"line":26,"column":11},"end":{"line":26,"column":null}},"5":{"start":{"line":26,"column":11},"end":{"line":16,"column":null}},"6":{"start":{"line":18,"column":30},"end":{"line":18,"column":55}},"7":{"start":{"line":18,"column":55},"end":{"line":19,"column":null}}},"fnMap":{"0":{"name":"FirstStepsApp","decl":{"start":{"line":14,"column":7},"end":{"line":14,"column":null}},"loc":{"start":{"line":14,"column":7},"end":{"line":16,"column":null}},"line":14}},"branchMap":{"0":{"loc":{"start":{"line":14,"column":7},"end":{"line":26,"column":null}},"type":"if","locations":[{"start":{"line":14,"column":7},"end":{"line":26,"column":null}},{"start":{"line":26,"column":11},"end":{"line":26,"column":null}}],"line":14}},"s":{"0":1,"1":3,"2":3,"3":3,"4":0,"5":3,"6":9,"7":9},"f":{"0":12},"b":{"0":[3,0]},"meta":{"lastBranch":1,"lastFunction":1,"lastStatement":8,"seen":{"s:8:34:12:Infinity":0,"f:14:7:14:Infinity":0,"s:14:7:14:Infinity":1,"b:14:7:26:Infinity:26:11:26:Infinity":0,"s:14:7:26:Infinity":2,"s:16:8:26:Infinity":3,"s:26:11:26:Infinity":4,"s:26:11:16:Infinity":5,"s:18:30:18:55":6,"s:18:55:19:Infinity":7}}}
,"C:\\Users\\axiov\\OneDrive\\Escritorio\\Proyectos\\React-desde-0\\02-firsts-steps\\src\\MyAwesomeApp.tsx": {"path":"C:\\Users\\axiov\\OneDrive\\Escritorio\\Proyectos\\React-desde-0\\02-firsts-steps\\src\\MyAwesomeApp.tsx","statementMap":{"0":{"start":{"line":4,"column":18},"end":{"line":4,"column":null}},"1":{"start":{"line":5,"column":17},"end":{"line":5,"column":null}},"2":{"start":{"line":7,"column":22},"end":{"line":7,"column":null}},"3":{"start":{"line":8,"column":17},"end":{"line":8,"column":null}},"4":{"start":{"line":10,"column":16},"end":{"line":13,"column":null}},"5":{"start":{"line":15,"column":32},"end":{"line":20,"column":null}},"6":{"start":{"line":22,"column":7},"end":{"line":22,"column":null}},"7":{"start":{"line":22,"column":7},"end":{"line":27,"column":null}},"8":{"start":{"line":26,"column":12},"end":{"line":26,"column":null}},"9":{"start":{"line":27,"column":12},"end":{"line":27,"column":null}},"10":{"start":{"line":27,"column":33},"end":{"line":27,"column":null}},"11":{"start":{"line":27,"column":33},"end":{"line":29,"column":null}},"12":{"start":{"line":28,"column":12},"end":{"line":28,"column":null}},"13":{"start":{"line":29,"column":12},"end":{"line":29,"column":null}},"14":{"start":{"line":29,"column":26},"end":{"line":29,"column":null}},"15":{"start":{"line":29,"column":26},"end":{"line":30,"column":null}},"16":{"start":{"line":30,"column":12},"end":{"line":30,"column":null}},"17":{"start":{"line":30,"column":56},"end":{"line":30,"column":null}},"18":{"start":{"line":30,"column":56},"end":{"line":33,"column":null}},"19":{"start":{"line":25,"column":8},"end":{"line":33,"column":14}},"20":{"start":{"line":33,"column":14},"end":{"line":33,"column":null}},"21":{"start":{"line":33,"column":14},"end":{"line":25,"column":25}}},"fnMap":{"0":{"name":"MyAwesomeApp","decl":{"start":{"line":22,"column":7},"end":{"line":22,"column":null}},"loc":{"start":{"line":22,"column":7},"end":{"line":25,"column":25}},"line":22}},"branchMap":{"0":{"loc":{"start":{"line":22,"column":7},"end":{"line":27,"column":null}},"type":"if","locations":[{"start":{"line":22,"column":7},"end":{"line":27,"column":null}},{"start":{"line":27,"column":33},"end":{"line":27,"column":null}}],"line":22},"1":{"loc":{"start":{"line":27,"column":33},"end":{"line":29,"column":null}},"type":"if","locations":[{"start":{"line":27,"column":33},"end":{"line":29,"column":null}},{"start":{"line":29,"column":26},"end":{"line":29,"column":null}}],"line":27},"2":{"loc":{"start":{"line":29,"column":26},"end":{"line":30,"column":null}},"type":"if","locations":[{"start":{"line":29,"column":26},"end":{"line":30,"column":null}},{"start":{"line":30,"column":56},"end":{"line":30,"column":null}}],"line":29},"3":{"loc":{"start":{"line":30,"column":17},"end":{"line":30,"column":56}},"type":"cond-expr","locations":[{"start":{"line":30,"column":17},"end":{"line":30,"column":56}},{"start":{"line":30,"column":17},"end":{"line":30,"column":56}}],"line":30},"4":{"loc":{"start":{"line":30,"column":56},"end":{"line":33,"column":null}},"type":"if","locations":[{"start":{"line":30,"column":56},"end":{"line":33,"column":null}},{"start":{"line":33,"column":14},"end":{"line":33,"column":null}}],"line":30}},"s":{"0":1,"1":1,"2":1,"3":1,"4":1,"5":1,"6":4,"7":4,"8":4,"9":4,"10":0,"11":4,"12":4,"13":4,"14":0,"15":4,"16":4,"17":0,"18":4,"19":4,"20":0,"21":4},"f":{"0":4},"b":{"0":[4,0],"1":[4,0],"2":[4,0],"3":[0,4],"4":[4,0]},"meta":{"lastBranch":5,"lastFunction":1,"lastStatement":22,"seen":{"s:4:18:4:Infinity":0,"s:5:17:5:Infinity":1,"s:7:22:7:Infinity":2,"s:8:17:8:Infinity":3,"s:10:16:13:Infinity":4,"s:15:32:20:Infinity":5,"f:22:7:22:Infinity":0,"s:22:7:22:Infinity":6,"b:22:7:27:Infinity:27:33:27:Infinity":0,"s:22:7:27:Infinity":7,"s:26:12:26:Infinity":8,"s:27:12:27:Infinity":9,"s:27:33:27:Infinity":10,"b:27:33:29:Infinity:29:26:29:Infinity":1,"s:27:33:29:Infinity":11,"s:28:12:28:Infinity":12,"s:29:12:29:Infinity":13,"s:29:26:29:Infinity":14,"b:29:26:30:Infinity:30:56:30:Infinity":2,"s:29:26:30:Infinity":15,"s:30:12:30:Infinity":16,"b:30:17:30:56:30:17:30:56":3,"s:30:56:30:Infinity":17,"b:30:56:33:Infinity:33:14:33:Infinity":4,"s:30:56:33:Infinity":18,"s:25:8:33:14":19,"s:33:14:33:Infinity":20,"s:33:14:25:25":21}}}
,"C:\\Users\\axiov\\OneDrive\\Escritorio\\Proyectos\\React-desde-0\\02-firsts-steps\\src\\helpers\\math.helper.ts": {"path":"C:\\Users\\axiov\\OneDrive\\Escritorio\\Proyectos\\React-desde-0\\02-firsts-steps\\src\\helpers\\math.helper.ts","statementMap":{"0":{"start":{"line":3,"column":13},"end":{"line":4,"column":null}},"1":{"start":{"line":4,"column":4},"end":{"line":4,"column":null}},"2":{"start":{"line":7,"column":13},"end":{"line":8,"column":null}},"3":{"start":{"line":8,"column":4},"end":{"line":8,"column":null}},"4":{"start":{"line":11,"column":13},"end":{"line":12,"column":null}},"5":{"start":{"line":12,"column":4},"end":{"line":12,"column":null}},"6":{"start":{"line":16,"column":13},"end":{"line":17,"column":null}},"7":{"start":{"line":17,"column":4},"end":{"line":17,"column":null}}},"fnMap":{"0":{"name":"(anonymous_0)","decl":{"start":{"line":3,"column":13},"end":{"line":3,"column":20}},"loc":{"start":{"line":3,"column":45},"end":{"line":4,"column":null}},"line":3},"1":{"name":"(anonymous_1)","decl":{"start":{"line":7,"column":13},"end":{"line":7,"column":25}},"loc":{"start":{"line":7,"column":50},"end":{"line":8,"column":null}},"line":7},"2":{"name":"(anonymous_2)","decl":{"start":{"line":11,"column":13},"end":{"line":11,"column":25}},"loc":{"start":{"line":11,"column":50},"end":{"line":12,"column":null}},"line":11},"3":{"name":"(anonymous_3)","decl":{"start":{"line":16,"column":13},"end":{"line":16,"column":23}},"loc":{"start":{"line":16,"column":48},"end":{"line":17,"column":null}},"line":16}},"branchMap":{},"s":{"0":1,"1":2,"2":1,"3":2,"4":1,"5":2,"6":1,"7":2},"f":{"0":2,"1":2,"2":2,"3":2},"b":{},"meta":{"lastBranch":0,"lastFunction":4,"lastStatement":8,"seen":{"s:3:13:4:Infinity":0,"f:3:13:3:20":0,"s:4:4:4:Infinity":1,"s:7:13:8:Infinity":2,"f:7:13:7:25":1,"s:8:4:8:Infinity":3,"s:11:13:12:Infinity":4,"f:11:13:11:25":2,"s:12:4:12:Infinity":5,"s:16:13:17:Infinity":6,"f:16:13:16:23":3,"s:17:4:17:Infinity":7}}}
,"C:\\Users\\axiov\\OneDrive\\Escritorio\\Proyectos\\React-desde-0\\02-firsts-steps\\src\\shopping-cart\\ItemCounter.module.css": {"path":"C:\\Users\\axiov\\OneDrive\\Escritorio\\Proyectos\\React-desde-0\\02-firsts-steps\\src\\shopping-cart\\ItemCounter.module.css","statementMap":{},"fnMap":{},"branchMap":{},"s":{},"f":{},"b":{},"meta":{"lastBranch":0,"lastFunction":0,"lastStatement":0,"seen":{}}}
,"C:\\Users\\axiov\\OneDrive\\Escritorio\\Proyectos\\React-desde-0\\02-firsts-steps\\src\\shopping-cart\\ItemCounter.tsx": {"path":"C:\\Users\\axiov\\OneDrive\\Escritorio\\Proyectos\\React-desde-0\\02-firsts-steps\\src\\shopping-cart\\ItemCounter.tsx","statementMap":{"0":{"start":{"line":11,"column":13},"end":{"line":25,"column":28}},"1":{"start":{"line":11,"column":27},"end":{"line":11,"column":28}},"2":{"start":{"line":11,"column":28},"end":{"line":11,"column":36}},"3":{"start":{"line":11,"column":36},"end":{"line":11,"column":null}},"4":{"start":{"line":13,"column":4},"end":{"line":13,"column":48}},"5":{"start":{"line":13,"column":49},"end":{"line":17,"column":null}},"6":{"start":{"line":15,"column":22},"end":{"line":16,"column":null}},"7":{"start":{"line":16,"column":8},"end":{"line":16,"column":null}},"8":{"start":{"line":17,"column":5},"end":{"line":17,"column":null}},"9":{"start":{"line":15,"column":22},"end":{"line":15,"column":null}},"10":{"start":{"line":17,"column":5},"end":{"line":22,"column":null}},"11":{"start":{"line":19,"column":27},"end":{"line":21,"column":null}},"12":{"start":{"line":20,"column":8},"end":{"line":20,"column":null}},"13":{"start":{"line":20,"column":22},"end":{"line":20,"column":null}},"14":{"start":{"line":21,"column":8},"end":{"line":21,"column":null}},"15":{"start":{"line":22,"column":5},"end":{"line":22,"column":null}},"16":{"start":{"line":19,"column":27},"end":{"line":19,"column":null}},"17":{"start":{"line":29,"column":27},"end":{"line":29,"column":36}},"18":{"start":{"line":29,"column":55},"end":{"line":30,"column":null}},"19":{"start":{"line":28,"column":23},"end":{"line":30,"column":null}},"20":{"start":{"line":30,"column":17},"end":{"line":30,"column":null}},"21":{"start":{"line":30,"column":17},"end":{"line":33,"column":null}},"22":{"start":{"line":26,"column":12},"end":{"line":33,"column":null}},"23":{"start":{"line":33,"column":19},"end":{"line":33,"column":null}},"24":{"start":{"line":33,"column":19},"end":{"line":34,"column":null}},"25":{"start":{"line":34,"column":12},"end":{"line":34,"column":null}},"26":{"start":{"line":34,"column":51},"end":{"line":34,"column":null}},"27":{"start":{"line":34,"column":51},"end":{"line":35,"column":null}},"28":{"start":{"line":35,"column":12},"end":{"line":35,"column":null}},"29":{"start":{"line":35,"column":32},"end":{"line":35,"column":null}},"30":{"start":{"line":35,"column":32},"end":{"line":36,"column":null}},"31":{"start":{"line":36,"column":12},"end":{"line":36,"column":null}},"32":{"start":{"line":36,"column":58},"end":{"line":36,"column":null}},"33":{"start":{"line":36,"column":58},"end":{"line":37,"column":null}},"34":{"start":{"line":25,"column":8},"end":{"line":36,"column":29}},"35":{"start":{"line":37,"column":19},"end":{"line":37,"column":null}},"36":{"start":{"line":37,"column":19},"end":{"line":25,"column":28}}},"fnMap":{"0":{"name":"(anonymous_0)","decl":{"start":{"line":11,"column":13},"end":{"line":11,"column":27}},"loc":{"start":{"line":11,"column":27},"end":{"line":25,"column":28}},"line":11},"1":{"name":"(anonymous_1)","decl":{"start":{"line":15,"column":22},"end":{"line":15,"column":null}},"loc":{"start":{"line":15,"column":22},"end":{"line":16,"column":null}},"line":15},"2":{"name":"(anonymous_2)","decl":{"start":{"line":19,"column":27},"end":{"line":19,"column":null}},"loc":{"start":{"line":19,"column":27},"end":{"line":21,"column":null}},"line":19}},"branchMap":{"0":{"loc":{"start":{"line":11,"column":36},"end":{"line":11,"column":null}},"type":"cond-expr","locations":[{"start":{"line":11,"column":36},"end":{"line":11,"column":null}},{"start":{"line":11,"column":36},"end":{"line":11,"column":null}}],"line":11},"1":{"loc":{"start":{"line":13,"column":49},"end":{"line":17,"column":null}},"type":"if","locations":[{"start":{"line":13,"column":49},"end":{"line":17,"column":null}},{"start":{"line":17,"column":5},"end":{"line":17,"column":null}}],"line":13},"2":{"loc":{"start":{"line":17,"column":5},"end":{"line":22,"column":null}},"type":"if","locations":[{"start":{"line":17,"column":5},"end":{"line":22,"column":null}},{"start":{"line":22,"column":5},"end":{"line":22,"column":null}}],"line":17},"3":{"loc":{"start":{"line":20,"column":8},"end":{"line":20,"column":null}},"type":"if","locations":[{"start":{"line":20,"column":8},"end":{"line":20,"column":null}},{"start":{},"end":{}}],"line":20},"4":{"loc":{"start":{"line":29,"column":27},"end":{"line":29,"column":36}},"type":"cond-expr","locations":[{"start":{"line":29,"column":27},"end":{"line":29,"column":36}},{"start":{"line":29,"column":27},"end":{"line":29,"column":36}}],"line":29},"5":{"loc":{"start":{"line":29,"column":55},"end":{"line":30,"column":null}},"type":"if","locations":[{"start":{"line":29,"column":55},"end":{"line":30,"column":null}},{"start":{"line":30,"column":17},"end":{"line":30,"column":null}}],"line":29},"6":{"loc":{"start":{"line":30,"column":17},"end":{"line":33,"column":null}},"type":"if","locations":[{"start":{"line":30,"column":17},"end":{"line":33,"column":null}},{"start":{"line":33,"column":19},"end":{"line":33,"column":null}}],"line":30},"7":{"loc":{"start":{"line":30,"column":17},"end":{"line":30,"column":null}},"type":"binary-expr","locations":[{"start":{"line":30,"column":17},"end":{"line":30,"column":null}},{"start":{"line":30,"column":17},"end":{"line":30,"column":null}}],"line":30},"8":{"loc":{"start":{"line":33,"column":19},"end":{"line":34,"column":null}},"type":"if","locations":[{"start":{"line":33,"column":19},"end":{"line":34,"column":null}},{"start":{"line":34,"column":51},"end":{"line":34,"column":null}}],"line":33},"9":{"loc":{"start":{"line":34,"column":51},"end":{"line":35,"column":null}},"type":"if","locations":[{"start":{"line":34,"column":51},"end":{"line":35,"column":null}},{"start":{"line":35,"column":32},"end":{"line":35,"column":null}}],"line":34},"10":{"loc":{"start":{"line":35,"column":32},"end":{"line":36,"column":null}},"type":"if","locations":[{"start":{"line":35,"column":32},"end":{"line":36,"column":null}},{"start":{"line":36,"column":58},"end":{"line":36,"column":null}}],"line":35},"11":{"loc":{"start":{"line":36,"column":58},"end":{"line":37,"column":null}},"type":"if","locations":[{"start":{"line":36,"column":58},"end":{"line":37,"column":null}},{"start":{"line":37,"column":19},"end":{"line":37,"column":null}}],"line":36},"12":{"loc":{"start":{"line":36,"column":58},"end":{"line":36,"column":null}},"type":"binary-expr","locations":[{"start":{"line":36,"column":58},"end":{"line":36,"column":null}},{"start":{"line":36,"column":58},"end":{"line":36,"column":null}},{"start":{"line":36,"column":58},"end":{"line":36,"column":null}},{"start":{"line":36,"column":58},"end":{"line":36,"column":null}}],"line":36}},"s":{"0":1,"1":9,"2":9,"3":9,"4":9,"5":9,"6":9,"7":1,"8":0,"9":9,"10":9,"11":9,"12":2,"13":1,"14":1,"15":0,"16":9,"17":9,"18":9,"19":7,"20":2,"21":9,"22":7,"23":2,"24":9,"25":9,"26":0,"27":9,"28":9,"29":0,"30":9,"31":9,"32":0,"33":9,"34":9,"35":0,"36":9},"f":{"0":9,"1":1,"2":2},"b":{"0":[1,8],"1":[9,0],"2":[9,0],"3":[1,1],"4":[7,2],"5":[7,2],"6":[7,2],"7":[9,2],"8":[9,0],"9":[9,0],"10":[9,0],"11":[9,0],"12":[9,2,0,0]},"meta":{"lastBranch":13,"lastFunction":3,"lastStatement":37,"seen":{"s:11:13:25:28":0,"f:11:13:11:27":0,"s:11:27:11:28":1,"s:11:28:11:36":2,"s:11:36:11:Infinity":3,"b:11:36:11:Infinity:11:36:11:Infinity":0,"s:13:4:13:48":4,"b:13:49:17:Infinity:17:5:17:Infinity":1,"s:13:49:17:Infinity":5,"s:15:22:16:Infinity":6,"f:15:22:15:Infinity":1,"s:16:8:16:Infinity":7,"s:17:5:17:Infinity":8,"s:15:22:15:Infinity":9,"b:17:5:22:Infinity:22:5:22:Infinity":2,"s:17:5:22:Infinity":10,"s:19:27:21:Infinity":11,"f:19:27:19:Infinity":2,"b:20:8:20:Infinity:undefined:undefined:undefined:undefined":3,"s:20:8:20:Infinity":12,"s:20:22:20:Infinity":13,"s:21:8:21:Infinity":14,"s:22:5:22:Infinity":15,"s:19:27:19:Infinity":16,"s:29:27:29:36":17,"b:29:27:29:36:29:27:29:36":4,"b:29:55:30:Infinity:30:17:30:Infinity":5,"s:29:55:30:Infinity":18,"s:28:23:30:Infinity":19,"s:30:17:30:Infinity":20,"b:30:17:33:Infinity:33:19:33:Infinity":6,"s:30:17:33:Infinity":21,"b:30:17:30:Infinity:30:17:30:Infinity":7,"s:26:12:33:Infinity":22,"s:33:19:33:Infinity":23,"b:33:19:34:Infinity:34:51:34:Infinity":8,"s:33:19:34:Infinity":24,"s:34:12:34:Infinity":25,"s:34:51:34:Infinity":26,"b:34:51:35:Infinity:35:32:35:Infinity":9,"s:34:51:35:Infinity":27,"s:35:12:35:Infinity":28,"s:35:32:35:Infinity":29,"b:35:32:36:Infinity:36:58:36:Infinity":10,"s:35:32:36:Infinity":30,"s:36:12:36:Infinity":31,"s:36:58:36:Infinity":32,"b:36:58:37:Infinity:37:19:37:Infinity":11,"s:36:58:37:Infinity":33,"b:36:58:36:Infinity:36:58:36:Infinity:36:58:36:Infinity:36:58:36:Infinity":12,"s:25:8:36:29":34,"s:37:19:37:Infinity":35,"s:37:19:25:28":36}}}
}
