{"C:\\Users\\axiov\\Desktop\\Proyectos\\React-desde-0\\03-gifs-app\\src\\GifsApp.tsx": {"path":"C:\\Users\\axiov\\Desktop\\Proyectos\\React-desde-0\\03-gifs-app\\src\\GifsApp.tsx","statementMap":{"0":{"start":{"line":9,"column":13},"end":{"line":32,"column":null}},"1":{"start":{"line":10,"column":45},"end":{"line":10,"column":null}},"2":{"start":{"line":12,"column":2},"end":{"line":30,"column":null}}},"fnMap":{"0":{"name":"(anonymous_0)","decl":{"start":{"line":9,"column":13},"end":{"line":9,"column":29}},"loc":{"start":{"line":9,"column":29},"end":{"line":32,"column":null}},"line":9}},"branchMap":{},"s":{"0":1,"1":1,"2":1},"f":{"0":1},"b":{},"meta":{"lastBranch":0,"lastFunction":1,"lastStatement":3,"seen":{"s:9:13:32:Infinity":0,"f:9:13:9:29":0,"s:10:45:10:Infinity":1,"s:12:2:30:Infinity":2}}}
,"C:\\Users\\axiov\\Desktop\\Proyectos\\React-desde-0\\03-gifs-app\\src\\counter\\components\\MyCounterApp.tsx": {"path":"C:\\Users\\axiov\\Desktop\\Proyectos\\React-desde-0\\03-gifs-app\\src\\counter\\components\\MyCounterApp.tsx","statementMap":{"0":{"start":{"line":3,"column":13},"end":{"line":18,"column":null}},"1":{"start":{"line":4,"column":43},"end":{"line":4,"column":null}},"2":{"start":{"line":6,"column":2},"end":{"line":16,"column":null}}},"fnMap":{"0":{"name":"(anonymous_0)","decl":{"start":{"line":3,"column":13},"end":{"line":3,"column":34}},"loc":{"start":{"line":3,"column":34},"end":{"line":18,"column":null}},"line":3}},"branchMap":{},"s":{"0":2,"1":7,"2":7},"f":{"0":7},"b":{},"meta":{"lastBranch":0,"lastFunction":1,"lastStatement":3,"seen":{"s:3:13:18:Infinity":0,"f:3:13:3:34":0,"s:4:43:4:Infinity":1,"s:6:2:16:Infinity":2}}}
,"C:\\Users\\axiov\\Desktop\\Proyectos\\React-desde-0\\03-gifs-app\\src\\counter\\hooks\\useCounter.tsx": {"path":"C:\\Users\\axiov\\Desktop\\Proyectos\\React-desde-0\\03-gifs-app\\src\\counter\\hooks\\useCounter.tsx","statementMap":{"0":{"start":{"line":3,"column":13},"end":{"line":27,"column":null}},"1":{"start":{"line":4,"column":18},"end":{"line":4,"column":null}},"2":{"start":{"line":6,"column":8},"end":{"line":8,"column":null}},"3":{"start":{"line":7,"column":4},"end":{"line":7,"column":null}},"4":{"start":{"line":9,"column":8},"end":{"line":11,"column":null}},"5":{"start":{"line":10,"column":4},"end":{"line":10,"column":null}},"6":{"start":{"line":10,"column":30},"end":{"line":10,"column":43}},"7":{"start":{"line":13,"column":8},"end":{"line":15,"column":null}},"8":{"start":{"line":14,"column":4},"end":{"line":14,"column":null}},"9":{"start":{"line":17,"column":2},"end":{"line":26,"column":null}}},"fnMap":{"0":{"name":"(anonymous_0)","decl":{"start":{"line":3,"column":13},"end":{"line":3,"column":27}},"loc":{"start":{"line":3,"column":57},"end":{"line":27,"column":null}},"line":3},"1":{"name":"(anonymous_1)","decl":{"start":{"line":6,"column":8},"end":{"line":6,"column":26}},"loc":{"start":{"line":6,"column":26},"end":{"line":8,"column":null}},"line":6},"2":{"name":"(anonymous_2)","decl":{"start":{"line":9,"column":8},"end":{"line":9,"column":31}},"loc":{"start":{"line":9,"column":31},"end":{"line":11,"column":null}},"line":9},"3":{"name":"(anonymous_3)","decl":{"start":{"line":10,"column":4},"end":{"line":10,"column":16}},"loc":{"start":{"line":10,"column":30},"end":{"line":10,"column":43}},"line":10},"4":{"name":"(anonymous_4)","decl":{"start":{"line":13,"column":8},"end":{"line":13,"column":28}},"loc":{"start":{"line":13,"column":28},"end":{"line":15,"column":null}},"line":13}},"branchMap":{"0":{"loc":{"start":{"line":3,"column":27},"end":{"line":3,"column":57}},"type":"default-arg","locations":[{"start":{"line":3,"column":50},"end":{"line":3,"column":57}}],"line":3}},"s":{"0":2,"1":14,"2":14,"3":2,"4":14,"5":7,"6":7,"7":14,"8":1,"9":14},"f":{"0":14,"1":2,"2":7,"3":7,"4":1},"b":{"0":[14]},"meta":{"lastBranch":1,"lastFunction":5,"lastStatement":10,"seen":{"s:3:13:27:Infinity":0,"f:3:13:3:27":0,"b:3:50:3:57":0,"s:4:18:4:Infinity":1,"s:6:8:8:Infinity":2,"f:6:8:6:26":1,"s:7:4:7:Infinity":3,"s:9:8:11:Infinity":4,"f:9:8:9:31":2,"s:10:4:10:Infinity":5,"f:10:4:10:16":3,"s:10:30:10:43":6,"s:13:8:15:Infinity":7,"f:13:8:13:28":4,"s:14:4:14:Infinity":8,"s:17:2:26:Infinity":9}}}
,"C:\\Users\\axiov\\Desktop\\Proyectos\\React-desde-0\\03-gifs-app\\src\\gifs\\actions\\get-gifs-by-query.action.ts": {"path":"C:\\Users\\axiov\\Desktop\\Proyectos\\React-desde-0\\03-gifs-app\\src\\gifs\\actions\\get-gifs-by-query.action.ts","statementMap":{"0":{"start":{"line":5,"column":30},"end":{"line":29,"column":null}},"1":{"start":{"line":6,"column":2},"end":{"line":8,"column":null}},"2":{"start":{"line":7,"column":4},"end":{"line":7,"column":null}},"3":{"start":{"line":10,"column":2},"end":{"line":28,"column":null}},"4":{"start":{"line":11,"column":21},"end":{"line":16,"column":null}},"5":{"start":{"line":18,"column":4},"end":{"line":24,"column":null}},"6":{"start":{"line":18,"column":44},"end":{"line":24,"column":6}},"7":{"start":{"line":26,"column":4},"end":{"line":26,"column":null}},"8":{"start":{"line":27,"column":4},"end":{"line":27,"column":null}}},"fnMap":{"0":{"name":"(anonymous_0)","decl":{"start":{"line":5,"column":30},"end":{"line":5,"column":37}},"loc":{"start":{"line":5,"column":71},"end":{"line":29,"column":null}},"line":5},"1":{"name":"(anonymous_1)","decl":{"start":{"line":18,"column":30},"end":{"line":18,"column":35}},"loc":{"start":{"line":18,"column":44},"end":{"line":24,"column":6}},"line":18}},"branchMap":{"0":{"loc":{"start":{"line":6,"column":2},"end":{"line":8,"column":null}},"type":"if","locations":[{"start":{"line":6,"column":2},"end":{"line":8,"column":null}},{"start":{},"end":{}}],"line":6}},"s":{"0":3,"1":7,"2":1,"3":6,"4":6,"5":5,"6":50,"7":1,"8":1},"f":{"0":7,"1":50},"b":{"0":[1,6]},"meta":{"lastBranch":1,"lastFunction":2,"lastStatement":9,"seen":{"s:5:30:29:Infinity":0,"f:5:30:5:37":0,"b:6:2:8:Infinity:undefined:undefined:undefined:undefined":0,"s:6:2:8:Infinity":1,"s:7:4:7:Infinity":2,"s:10:2:28:Infinity":3,"s:11:21:16:Infinity":4,"s:18:4:24:Infinity":5,"f:18:30:18:35":1,"s:18:44:24:6":6,"s:26:4:26:Infinity":7,"s:27:4:27:Infinity":8}}}
,"C:\\Users\\axiov\\Desktop\\Proyectos\\React-desde-0\\03-gifs-app\\src\\gifs\\api\\giphyApi.ts": {"path":"C:\\Users\\axiov\\Desktop\\Proyectos\\React-desde-0\\03-gifs-app\\src\\gifs\\api\\giphyApi.ts","statementMap":{"0":{"start":{"line":3,"column":24},"end":{"line":9,"column":null}}},"fnMap":{},"branchMap":{},"s":{"0":4},"f":{},"b":{},"meta":{"lastBranch":0,"lastFunction":0,"lastStatement":1,"seen":{"s:3:24:9:Infinity":0}}}
,"C:\\Users\\axiov\\Desktop\\Proyectos\\React-desde-0\\03-gifs-app\\src\\gifs\\components\\GifList.tsx": {"path":"C:\\Users\\axiov\\Desktop\\Proyectos\\React-desde-0\\03-gifs-app\\src\\gifs\\components\\GifList.tsx","statementMap":{"0":{"start":{"line":8,"column":2},"end":{"line":19,"column":null}},"1":{"start":{"line":11,"column":8},"end":{"line":17,"column":null}}},"fnMap":{"0":{"name":"GifList","decl":{"start":{"line":7,"column":24},"end":{"line":7,"column":32}},"loc":{"start":{"line":7,"column":49},"end":{"line":21,"column":null}},"line":7},"1":{"name":"(anonymous_1)","decl":{"start":{"line":10,"column":12},"end":{"line":10,"column":17}},"loc":{"start":{"line":11,"column":8},"end":{"line":17,"column":null}},"line":11}},"branchMap":{},"s":{"0":1,"1":0},"f":{"0":1,"1":0},"b":{},"meta":{"lastBranch":0,"lastFunction":2,"lastStatement":2,"seen":{"f:7:24:7:32":0,"s:8:2:19:Infinity":0,"f:10:12:10:17":1,"s:11:8:17:Infinity":1}}}
,"C:\\Users\\axiov\\Desktop\\Proyectos\\React-desde-0\\03-gifs-app\\src\\gifs\\components\\PreviousSearches.tsx": {"path":"C:\\Users\\axiov\\Desktop\\Proyectos\\React-desde-0\\03-gifs-app\\src\\gifs\\components\\PreviousSearches.tsx","statementMap":{"0":{"start":{"line":9,"column":13},"end":{"line":22,"column":null}},"1":{"start":{"line":10,"column":2},"end":{"line":20,"column":null}},"2":{"start":{"line":15,"column":10},"end":{"line":17,"column":null}},"3":{"start":{"line":15,"column":40},"end":{"line":15,"column":null}}},"fnMap":{"0":{"name":"(anonymous_0)","decl":{"start":{"line":9,"column":13},"end":{"line":9,"column":44}},"loc":{"start":{"line":9,"column":77},"end":{"line":22,"column":null}},"line":9},"1":{"name":"(anonymous_1)","decl":{"start":{"line":14,"column":18},"end":{"line":14,"column":23}},"loc":{"start":{"line":15,"column":10},"end":{"line":17,"column":null}},"line":15},"2":{"name":"(anonymous_2)","decl":{"start":{"line":15,"column":25},"end":{"line":15,"column":40}},"loc":{"start":{"line":15,"column":40},"end":{"line":15,"column":null}},"line":15}},"branchMap":{},"s":{"0":1,"1":1,"2":0,"3":0},"f":{"0":1,"1":0,"2":0},"b":{},"meta":{"lastBranch":0,"lastFunction":3,"lastStatement":4,"seen":{"s:9:13:22:Infinity":0,"f:9:13:9:44":0,"s:10:2:20:Infinity":1,"f:14:18:14:23":1,"s:15:10:17:Infinity":2,"f:15:25:15:40":2,"s:15:40:15:Infinity":3}}}
,"C:\\Users\\axiov\\Desktop\\Proyectos\\React-desde-0\\03-gifs-app\\src\\gifs\\hooks\\useGifs.tsx": {"path":"C:\\Users\\axiov\\Desktop\\Proyectos\\React-desde-0\\03-gifs-app\\src\\gifs\\hooks\\useGifs.tsx","statementMap":{"0":{"start":{"line":8,"column":13},"end":{"line":48,"column":null}},"1":{"start":{"line":9,"column":15},"end":{"line":9,"column":null}},"2":{"start":{"line":10,"column":24},"end":{"line":10,"column":null}},"3":{"start":{"line":12,"column":8},"end":{"line":12,"column":null}},"4":{"start":{"line":14,"column":28},"end":{"line":23,"column":null}},"5":{"start":{"line":15,"column":4},"end":{"line":18,"column":null}},"6":{"start":{"line":16,"column":6},"end":{"line":16,"column":null}},"7":{"start":{"line":17,"column":6},"end":{"line":17,"column":null}},"8":{"start":{"line":20,"column":17},"end":{"line":20,"column":null}},"9":{"start":{"line":21,"column":4},"end":{"line":21,"column":null}},"10":{"start":{"line":22,"column":4},"end":{"line":22,"column":null}},"11":{"start":{"line":25,"column":23},"end":{"line":37,"column":null}},"12":{"start":{"line":26,"column":4},"end":{"line":26,"column":null}},"13":{"start":{"line":28,"column":4},"end":{"line":28,"column":null}},"14":{"start":{"line":28,"column":16},"end":{"line":28,"column":null}},"15":{"start":{"line":29,"column":4},"end":{"line":29,"column":null}},"16":{"start":{"line":29,"column":39},"end":{"line":29,"column":null}},"17":{"start":{"line":30,"column":4},"end":{"line":30,"column":null}},"18":{"start":{"line":32,"column":17},"end":{"line":32,"column":null}},"19":{"start":{"line":33,"column":4},"end":{"line":33,"column":null}},"20":{"start":{"line":35,"column":4},"end":{"line":35,"column":null}},"21":{"start":{"line":39,"column":2},"end":{"line":47,"column":null}}},"fnMap":{"0":{"name":"(anonymous_0)","decl":{"start":{"line":8,"column":13},"end":{"line":8,"column":29}},"loc":{"start":{"line":8,"column":29},"end":{"line":48,"column":null}},"line":8},"1":{"name":"(anonymous_1)","decl":{"start":{"line":14,"column":28},"end":{"line":14,"column":35}},"loc":{"start":{"line":14,"column":52},"end":{"line":23,"column":null}},"line":14},"2":{"name":"(anonymous_2)","decl":{"start":{"line":25,"column":23},"end":{"line":25,"column":30}},"loc":{"start":{"line":25,"column":48},"end":{"line":37,"column":null}},"line":25}},"branchMap":{"0":{"loc":{"start":{"line":15,"column":4},"end":{"line":18,"column":null}},"type":"if","locations":[{"start":{"line":15,"column":4},"end":{"line":18,"column":null}},{"start":{},"end":{}}],"line":15},"1":{"loc":{"start":{"line":28,"column":4},"end":{"line":28,"column":null}},"type":"if","locations":[{"start":{"line":28,"column":4},"end":{"line":28,"column":null}},{"start":{},"end":{}}],"line":28},"2":{"loc":{"start":{"line":29,"column":4},"end":{"line":29,"column":null}},"type":"if","locations":[{"start":{"line":29,"column":4},"end":{"line":29,"column":null}},{"start":{},"end":{}}],"line":29}},"s":{"0":2,"1":21,"2":21,"3":21,"4":21,"5":3,"6":0,"7":0,"8":3,"9":3,"10":3,"11":21,"12":11,"13":11,"14":1,"15":10,"16":0,"17":10,"18":10,"19":10,"20":10,"21":21},"f":{"0":21,"1":3,"2":11},"b":{"0":[0,3],"1":[1,10],"2":[0,10]},"meta":{"lastBranch":3,"lastFunction":3,"lastStatement":22,"seen":{"s:8:13:48:Infinity":0,"f:8:13:8:29":0,"s:9:15:9:Infinity":1,"s:10:24:10:Infinity":2,"s:12:8:12:Infinity":3,"s:14:28:23:Infinity":4,"f:14:28:14:35":1,"b:15:4:18:Infinity:undefined:undefined:undefined:undefined":0,"s:15:4:18:Infinity":5,"s:16:6:16:Infinity":6,"s:17:6:17:Infinity":7,"s:20:17:20:Infinity":8,"s:21:4:21:Infinity":9,"s:22:4:22:Infinity":10,"s:25:23:37:Infinity":11,"f:25:23:25:30":2,"s:26:4:26:Infinity":12,"b:28:4:28:Infinity:undefined:undefined:undefined:undefined":1,"s:28:4:28:Infinity":13,"s:28:16:28:Infinity":14,"b:29:4:29:Infinity:undefined:undefined:undefined:undefined":2,"s:29:4:29:Infinity":15,"s:29:39:29:Infinity":16,"s:30:4:30:Infinity":17,"s:32:17:32:Infinity":18,"s:33:4:33:Infinity":19,"s:35:4:35:Infinity":20,"s:39:2:47:Infinity":21}}}
,"C:\\Users\\axiov\\Desktop\\Proyectos\\React-desde-0\\03-gifs-app\\src\\shared\\components\\CustomHeader.tsx": {"path":"C:\\Users\\axiov\\Desktop\\Proyectos\\React-desde-0\\03-gifs-app\\src\\shared\\components\\CustomHeader.tsx","statementMap":{"0":{"start":{"line":5,"column":13},"end":{"line":12,"column":null}},"1":{"start":{"line":6,"column":2},"end":{"line":10,"column":null}}},"fnMap":{"0":{"name":"(anonymous_0)","decl":{"start":{"line":5,"column":13},"end":{"line":5,"column":29}},"loc":{"start":{"line":5,"column":63},"end":{"line":12,"column":null}},"line":5}},"branchMap":{"0":{"loc":{"start":{"line":9,"column":7},"end":{"line":10,"column":null}},"type":"binary-expr","locations":[{"start":{"line":9,"column":7},"end":{"line":9,"column":22}},{"start":{"line":9,"column":22},"end":{"line":10,"column":null}}],"line":9}},"s":{"0":2,"1":4},"f":{"0":4},"b":{"0":[4,2]},"meta":{"lastBranch":1,"lastFunction":1,"lastStatement":2,"seen":{"s:5:13:12:Infinity":0,"f:5:13:5:29":0,"s:6:2:10:Infinity":1,"b:9:7:9:22:9:22:10:Infinity":0}}}
,"C:\\Users\\axiov\\Desktop\\Proyectos\\React-desde-0\\03-gifs-app\\src\\shared\\components\\SearchBar.tsx": {"path":"C:\\Users\\axiov\\Desktop\\Proyectos\\React-desde-0\\03-gifs-app\\src\\shared\\components\\SearchBar.tsx","statementMap":{"0":{"start":{"line":9,"column":13},"end":{"line":49,"column":null}},"1":{"start":{"line":10,"column":16},"end":{"line":10,"column":null}},"2":{"start":{"line":12,"column":2},"end":{"line":21,"column":null}},"3":{"start":{"line":13,"column":22},"end":{"line":16,"column":null}},"4":{"start":{"line":15,"column":6},"end":{"line":15,"column":null}},"5":{"start":{"line":18,"column":4},"end":{"line":20,"column":null}},"6":{"start":{"line":19,"column":6},"end":{"line":19,"column":null}},"7":{"start":{"line":23,"column":8},"end":{"line":28,"column":null}},"8":{"start":{"line":26,"column":4},"end":{"line":26,"column":null}},"9":{"start":{"line":27,"column":4},"end":{"line":27,"column":null}},"10":{"start":{"line":30,"column":8},"end":{"line":35,"column":null}},"11":{"start":{"line":32,"column":4},"end":{"line":34,"column":null}},"12":{"start":{"line":33,"column":6},"end":{"line":33,"column":null}},"13":{"start":{"line":37,"column":2},"end":{"line":47,"column":null}},"14":{"start":{"line":43,"column":29},"end":{"line":43,"column":null}}},"fnMap":{"0":{"name":"(anonymous_0)","decl":{"start":{"line":9,"column":13},"end":{"line":9,"column":26}},"loc":{"start":{"line":9,"column":73},"end":{"line":49,"column":null}},"line":9},"1":{"name":"(anonymous_1)","decl":{"start":{"line":12,"column":2},"end":{"line":12,"column":18}},"loc":{"start":{"line":12,"column":18},"end":{"line":21,"column":5}},"line":12},"2":{"name":"(anonymous_2)","decl":{"start":{"line":13,"column":22},"end":{"line":13,"column":39}},"loc":{"start":{"line":13,"column":39},"end":{"line":16,"column":7}},"line":13},"3":{"name":"(anonymous_3)","decl":{"start":{"line":18,"column":4},"end":{"line":18,"column":17}},"loc":{"start":{"line":18,"column":17},"end":{"line":20,"column":null}},"line":18},"4":{"name":"(anonymous_4)","decl":{"start":{"line":23,"column":8},"end":{"line":23,"column":29}},"loc":{"start":{"line":23,"column":29},"end":{"line":28,"column":null}},"line":23},"5":{"name":"(anonymous_5)","decl":{"start":{"line":30,"column":8},"end":{"line":30,"column":25}},"loc":{"start":{"line":30,"column":68},"end":{"line":35,"column":null}},"line":30},"6":{"name":"(anonymous_6)","decl":{"start":{"line":43,"column":8},"end":{"line":43,"column":19}},"loc":{"start":{"line":43,"column":29},"end":{"line":43,"column":null}},"line":43}},"branchMap":{"0":{"loc":{"start":{"line":9,"column":28},"end":{"line":9,"column":52}},"type":"default-arg","locations":[{"start":{"line":9,"column":42},"end":{"line":9,"column":52}}],"line":9},"1":{"loc":{"start":{"line":32,"column":4},"end":{"line":34,"column":null}},"type":"if","locations":[{"start":{"line":32,"column":4},"end":{"line":34,"column":null}},{"start":{},"end":{}}],"line":32}},"s":{"0":2,"1":13,"2":13,"3":13,"4":2,"5":13,"6":13,"7":13,"8":1,"9":1,"10":13,"11":0,"12":0,"13":13,"14":6},"f":{"0":13,"1":13,"2":2,"3":13,"4":1,"5":0,"6":6},"b":{"0":[13],"1":[0,0]},"meta":{"lastBranch":2,"lastFunction":7,"lastStatement":15,"seen":{"s:9:13:49:Infinity":0,"f:9:13:9:26":0,"b:9:42:9:52":0,"s:10:16:10:Infinity":1,"s:12:2:21:Infinity":2,"f:12:2:12:18":1,"s:13:22:16:Infinity":3,"f:13:22:13:39":2,"s:15:6:15:Infinity":4,"s:18:4:20:Infinity":5,"f:18:4:18:17":3,"s:19:6:19:Infinity":6,"s:23:8:28:Infinity":7,"f:23:8:23:29":4,"s:26:4:26:Infinity":8,"s:27:4:27:Infinity":9,"s:30:8:35:Infinity":10,"f:30:8:30:25":5,"b:32:4:34:Infinity:undefined:undefined:undefined:undefined":1,"s:32:4:34:Infinity":11,"s:33:6:33:Infinity":12,"s:37:2:47:Infinity":13,"f:43:8:43:19":6,"s:43:29:43:Infinity":14}}}
,"C:\\Users\\axiov\\Desktop\\Proyectos\\React-desde-0\\03-gifs-app\\tests\\mocks\\giphy.response.data.ts": {"path":"C:\\Users\\axiov\\Desktop\\Proyectos\\React-desde-0\\03-gifs-app\\tests\\mocks\\giphy.response.data.ts","statementMap":{"0":{"start":{"line":1,"column":39},"end":{"line":1203,"column":null}}},"fnMap":{},"branchMap":{},"s":{"0":1},"f":{},"b":{},"meta":{"lastBranch":0,"lastFunction":0,"lastStatement":1,"seen":{"s:1:39:1203:Infinity":0}}}
}
